[
  {
    "line": 10,
    "elements": [
      {
        "line": 19,
        "name": "Create_Document_Drive",
        "description": "",
        "id": "crear-un-documento-en-google-drive;create-document-drive",
        "type": "scenario",
        "keyword": "Scenario",
        "steps": [
          {
            "result": {
              "duration": 24609830474,
              "status": "passed"
            },
            "line": 20,
            "name": "que Accenture Test Automation abre su cuenta en Google Chrome",
            "match": {
              "location": "StepDefinitions.que_accenture_test_automation_abre_google_chrome()"
            },
            "keyword": "Given "
          },
          {
            "result": {
              "duration": 3617741853,
              "status": "passed"
            },
            "line": 21,
            "name": "se ingresa con usuario testaccenturedrive y contrasena testaccenturedrive2019",
            "match": {
              "arguments": [
                {
                  "val": "testaccenturedrive",
                  "offset": 23
                },
                {
                  "val": "testaccenturedrive2019",
                  "offset": 55
                }
              ],
              "location": "StepDefinitions.se_ingresa_con_usuario_testaccenturedrive_y_contrasena_testaccenturedrive2019(String,String)"
            },
            "keyword": "And "
          },
          {
            "result": {
              "error_message": "net.thucydides.core.webdriver.exceptions.ElementShouldBeEnabledException: Expected enabled element was not enabled\r\n\tat net.serenitybdd.core.pages.WebElementFacadeImpl.waitUntilEnabled(WebElementFacadeImpl.java:963)\r\n\tat net.serenitybdd.core.pages.WebElementFacadeImpl.waitUntilElementAvailable(WebElementFacadeImpl.java:802)\r\n\tat net.serenitybdd.core.pages.WebElementFacadeImpl.click(WebElementFacadeImpl.java:1039)\r\n\tat sun.reflect.NativeMethodAccessorImpl.invoke0(Native Method)\r\n\tat sun.reflect.NativeMethodAccessorImpl.invoke(Unknown Source)\r\n\tat sun.reflect.DelegatingMethodAccessorImpl.invoke(Unknown Source)\r\n\tat java.lang.reflect.Method.invoke(Unknown Source)\r\n\tat net.thucydides.core.annotations.locators.AbstractSingleItemHandler.invoke(AbstractSingleItemHandler.java:45)\r\n\tat com.sun.proxy.$Proxy23.click(Unknown Source)\r\n\tat com.googledrive.pages.DocumentDrive.new_document(DocumentDrive.java:14)\r\n\tat com.googledrive.steps.StepsDrive.new_document(StepsDrive.java:36)\r\n\tat com.googledrive.steps.StepsDrive$$EnhancerByCGLIB$$2563ed40.CGLIB$new_document$2(\u003cgenerated\u003e)\r\n\tat com.googledrive.steps.StepsDrive$$EnhancerByCGLIB$$2563ed40$$FastClassByCGLIB$$b9c1824d.invoke(\u003cgenerated\u003e)\r\n\tat net.sf.cglib.proxy.MethodProxy.invokeSuper(MethodProxy.java:228)\r\n\tat net.thucydides.core.steps.StepInterceptor.invokeMethod(StepInterceptor.java:449)\r\n\tat net.thucydides.core.steps.StepInterceptor.executeTestStepMethod(StepInterceptor.java:434)\r\n\tat net.thucydides.core.steps.StepInterceptor.runTestStep(StepInterceptor.java:409)\r\n\tat net.thucydides.core.steps.StepInterceptor.runOrSkipMethod(StepInterceptor.java:150)\r\n\tat net.thucydides.core.steps.StepInterceptor.testStepResult(StepInterceptor.java:137)\r\n\tat net.thucydides.core.steps.StepInterceptor.intercept(StepInterceptor.java:68)\r\n\tat com.googledrive.steps.StepsDrive$$EnhancerByCGLIB$$2563ed40.new_document(\u003cgenerated\u003e)\r\n\tat com.googledrive.step_definitions.StepDefinitions.se_crea_un_archivo_tipo_documento_en_google_drive_con(StepDefinitions.java:33)\r\n\tat ✽.Se crea un archivo tipo Documento en Google Drive(src/test/resources/feature/GoogleDrive.feature:22)\r\nCaused by: org.openqa.selenium.TimeoutException: Expected condition failed: waiting for DocumentDrive.nuevodoc to be enabled (tried for 5 second(s) with 100 milliseconds interval)\r\n\tat org.openqa.selenium.support.ui.FluentWait.timeoutException(FluentWait.java:315)\r\n\tat org.openqa.selenium.support.ui.FluentWait.until(FluentWait.java:283)\r\n\tat net.serenitybdd.core.pages.WebElementFacadeImpl.waitUntilEnabled(WebElementFacadeImpl.java:960)\r\n\tat net.serenitybdd.core.pages.WebElementFacadeImpl.waitUntilElementAvailable(WebElementFacadeImpl.java:802)\r\n\tat net.serenitybdd.core.pages.WebElementFacadeImpl.click(WebElementFacadeImpl.java:1039)\r\n\tat sun.reflect.NativeMethodAccessorImpl.invoke0(Native Method)\r\n\tat sun.reflect.NativeMethodAccessorImpl.invoke(Unknown Source)\r\n\tat sun.reflect.DelegatingMethodAccessorImpl.invoke(Unknown Source)\r\n\tat java.lang.reflect.Method.invoke(Unknown Source)\r\n\tat net.thucydides.core.annotations.locators.AbstractSingleItemHandler.invoke(AbstractSingleItemHandler.java:45)\r\n\tat com.sun.proxy.$Proxy23.click(Unknown Source)\r\n\tat com.googledrive.pages.DocumentDrive.new_document(DocumentDrive.java:14)\r\n\tat com.googledrive.steps.StepsDrive.new_document(StepsDrive.java:36)\r\n\tat com.googledrive.steps.StepsDrive$$EnhancerByCGLIB$$2563ed40.CGLIB$new_document$2(\u003cgenerated\u003e)\r\n\tat com.googledrive.steps.StepsDrive$$EnhancerByCGLIB$$2563ed40$$FastClassByCGLIB$$b9c1824d.invoke(\u003cgenerated\u003e)\r\n\tat net.sf.cglib.proxy.MethodProxy.invokeSuper(MethodProxy.java:228)\r\n\tat net.thucydides.core.steps.StepInterceptor.invokeMethod(StepInterceptor.java:449)\r\n\tat net.thucydides.core.steps.StepInterceptor.executeTestStepMethod(StepInterceptor.java:434)\r\n\tat net.thucydides.core.steps.StepInterceptor.runTestStep(StepInterceptor.java:409)\r\n\tat net.thucydides.core.steps.StepInterceptor.runOrSkipMethod(StepInterceptor.java:150)\r\n\tat net.thucydides.core.steps.StepInterceptor.testStepResult(StepInterceptor.java:137)\r\n\tat net.thucydides.core.steps.StepInterceptor.intercept(StepInterceptor.java:68)\r\n\tat com.googledrive.steps.StepsDrive$$EnhancerByCGLIB$$2563ed40.new_document(\u003cgenerated\u003e)\r\n\tat com.googledrive.step_definitions.StepDefinitions.se_crea_un_archivo_tipo_documento_en_google_drive_con(StepDefinitions.java:33)\r\n\tat sun.reflect.NativeMethodAccessorImpl.invoke0(Native Method)\r\n\tat sun.reflect.NativeMethodAccessorImpl.invoke(Unknown Source)\r\n\tat sun.reflect.DelegatingMethodAccessorImpl.invoke(Unknown Source)\r\n\tat java.lang.reflect.Method.invoke(Unknown Source)\r\n\tat cucumber.runtime.Utils$1.call(Utils.java:31)\r\n\tat cucumber.runtime.Timeout.timeout(Timeout.java:16)\r\n\tat cucumber.runtime.Utils.invoke(Utils.java:25)\r\n\tat cucumber.runtime.java.JavaStepDefinition.execute(JavaStepDefinition.java:37)\r\n\tat cucumber.runtime.StepDefinitionMatch.runStep(StepDefinitionMatch.java:40)\r\n\tat cucumber.api.TestStep.executeStep(TestStep.java:102)\r\n\tat cucumber.api.TestStep.run(TestStep.java:83)\r\n\tat cucumber.api.TestCase.run(TestCase.java:58)\r\n\tat cucumber.runner.Runner.runPickle(Runner.java:80)\r\n\tat cucumber.runtime.junit.PickleRunners$NoStepDescriptions.run(PickleRunners.java:140)\r\n\tat cucumber.runtime.junit.FeatureRunner.runChild(FeatureRunner.java:68)\r\n\tat cucumber.runtime.junit.FeatureRunner.runChild(FeatureRunner.java:23)\r\n\tat org.junit.runners.ParentRunner$3.run(ParentRunner.java:290)\r\n\tat org.junit.runners.ParentRunner$1.schedule(ParentRunner.java:71)\r\n\tat org.junit.runners.ParentRunner.runChildren(ParentRunner.java:288)\r\n\tat org.junit.runners.ParentRunner.access$000(ParentRunner.java:58)\r\n\tat org.junit.runners.ParentRunner$2.evaluate(ParentRunner.java:268)\r\n\tat org.junit.runners.ParentRunner.run(ParentRunner.java:363)\r\n\tat cucumber.runtime.junit.FeatureRunner.run(FeatureRunner.java:73)\r\n\tat cucumber.api.junit.Cucumber.runChild(Cucumber.java:118)\r\n\tat cucumber.api.junit.Cucumber.runChild(Cucumber.java:56)\r\n\tat org.junit.runners.ParentRunner$3.run(ParentRunner.java:290)\r\n\tat org.junit.runners.ParentRunner$1.schedule(ParentRunner.java:71)\r\n\tat org.junit.runners.ParentRunner.runChildren(ParentRunner.java:288)\r\n\tat org.junit.runners.ParentRunner.access$000(ParentRunner.java:58)\r\n\tat org.junit.runners.ParentRunner$2.evaluate(ParentRunner.java:268)\r\n\tat cucumber.api.junit.Cucumber$1.evaluate(Cucumber.java:127)\r\n\tat org.junit.runners.ParentRunner.run(ParentRunner.java:363)\r\n\tat org.eclipse.jdt.internal.junit4.runner.JUnit4TestReference.run(JUnit4TestReference.java:89)\r\n\tat org.eclipse.jdt.internal.junit.runner.TestExecution.run(TestExecution.java:41)\r\n\tat org.eclipse.jdt.internal.junit.runner.RemoteTestRunner.runTests(RemoteTestRunner.java:541)\r\n\tat org.eclipse.jdt.internal.junit.runner.RemoteTestRunner.runTests(RemoteTestRunner.java:763)\r\n\tat org.eclipse.jdt.internal.junit.runner.RemoteTestRunner.run(RemoteTestRunner.java:463)\r\n\tat org.eclipse.jdt.internal.junit.runner.RemoteTestRunner.main(RemoteTestRunner.java:209)\r\nCaused by: org.openqa.selenium.NoSuchElementException: Timed out after 2 seconds. Element not found\nFor documentation on this error, please visit: http://seleniumhq.org/exceptions/no_such_element.html\nBuild info: version: \u00273.14.0\u0027, revision: \u0027aacccce0\u0027, time: \u00272018-08-02T20:19:58.91Z\u0027\nSystem info: host: \u0027CPX-SXCJZ293TYG\u0027, ip: \u0027172.23.165.119\u0027, os.name: \u0027Windows 10\u0027, os.arch: \u0027amd64\u0027, os.version: \u002710.0\u0027, java.version: \u00271.8.0_201\u0027\nDriver info: driver.version: unknown\r\n\tat net.thucydides.core.annotations.locators.SmartAjaxElementLocator.ajaxFindElement(SmartAjaxElementLocator.java:173)\r\n\tat net.thucydides.core.annotations.locators.SmartAjaxElementLocator.findElement(SmartAjaxElementLocator.java:125)\r\n\tat net.serenitybdd.core.pages.WebElementResolverByElementLocator.resolveForDriver(WebElementResolverByElementLocator.java:27)\r\n\tat net.serenitybdd.core.pages.WebElementFacadeImpl.getElement(WebElementFacadeImpl.java:208)\r\n\tat net.serenitybdd.core.pages.WebElementExpectations$3.apply(WebElementExpectations.java:63)\r\n\tat net.serenitybdd.core.pages.WebElementExpectations$3.apply(WebElementExpectations.java:55)\r\n\tat org.openqa.selenium.support.ui.FluentWait.until(FluentWait.java:260)\r\n\t... 60 more\r\n",
              "duration": 16532082845,
              "status": "failed"
            },
            "line": 22,
            "name": "Se crea un archivo tipo Documento en Google Drive",
            "match": {
              "location": "StepDefinitions.se_crea_un_archivo_tipo_documento_en_google_drive_con()"
            },
            "keyword": "When "
          },
          {
            "result": {
              "status": "skipped"
            },
            "line": 23,
            "name": "El nombre del archivo debe contener",
            "match": {
              "location": "StepDefinitions.el_nombre_del_archivo_debe_contener_something(String)"
            },
            "keyword": "Then "
          }
        ],
        "tags": [
          {
            "name": "@Feature1"
          },
          {
            "name": "@tag1"
          }
        ]
      }
    ],
    "name": "Crear_un_documento_en_Google_Drive",
    "description": "COMO un usuario testaccenturedrive2019@gmail.com\nQUIERO enviar crear un documento drive.\nPARA exponer una introducci�n a la automatizaci�n de pruebas con Cucumber, y en lenguaje Gherkin.",
    "id": "crear-un-documento-en-google-drive",
    "keyword": "Feature",
    "uri": "src/test/resources/feature/GoogleDrive.feature",
    "tags": [
      {
        "name": "@Feature1",
        "type": "Tag",
        "location": {
          "line": 9,
          "column": 1
        }
      }
    ]
  }
]